[2024-11-22 13:29:45] local.ERROR: Uncaught InvalidArgumentException: Please provide a valid cache path. in C:\Users\Angelica Indah\Herd\project\vendor\laravel\framework\src\Illuminate\View\Compilers\Compiler.php:67
Stack trace:
#0 C:\Users\Angelica Indah\Herd\project\vendor\laravel\framework\src\Illuminate\View\ViewServiceProvider.php(97): Illuminate\View\Compilers\Compiler->__construct(Object(Illuminate\Filesystem\Filesystem), false, '', true, 'php')
#1 C:\Users\Angelica Indah\Herd\project\vendor\laravel\framework\src\Illuminate\Container\Container.php(931): Illuminate\View\ViewServiceProvider->Illuminate\View\{closure}(Object(Illuminate\Foundation\Application), Array)
#2 C:\Users\Angelica Indah\Herd\project\vendor\laravel\framework\src\Illuminate\Container\Container.php(815): Illuminate\Container\Container->build(Object(Closure))
#3 C:\Users\Angelica Indah\Herd\project\vendor\laravel\framework\src\Illuminate\Foundation\Application.php(1046): Illuminate\Container\Container->resolve('blade.compiler', Array, true)
#4 C:\Users\Angelica Indah\Herd\project\vendor\laravel\framework\src\Illuminate\Container\Container.php(751): Illuminate\Foundation\Application->resolve('blade.compiler', Array)
#5 C:\Users\Angelica Indah\Herd\project\vendor\laravel\framework\src\Illuminate\Foundation\Application.php(1028): Illuminate\Container\Container->make('blade.compiler', Array)
#6 C:\Users\Angelica Indah\Herd\project\vendor\laravel\framework\src\Illuminate\Foundation\helpers.php(124): Illuminate\Foundation\Application->make('blade.compiler', Array)
#7 Command line code(1): app('Illuminate\\View...')
#8 {main}
  thrown {"exception":"[object] (Symfony\\Component\\ErrorHandler\\Error\\FatalError(code: 0): Uncaught InvalidArgumentException: Please provide a valid cache path. in C:\\Users\\Angelica Indah\\Herd\\project\\vendor\\laravel\\framework\\src\\Illuminate\\View\\Compilers\\Compiler.php:67
Stack trace:
#0 C:\\Users\\Angelica Indah\\Herd\\project\\vendor\\laravel\\framework\\src\\Illuminate\\View\\ViewServiceProvider.php(97): Illuminate\\View\\Compilers\\Compiler->__construct(Object(Illuminate\\Filesystem\\Filesystem), false, '', true, 'php')
#1 C:\\Users\\Angelica Indah\\Herd\\project\\vendor\\laravel\\framework\\src\\Illuminate\\Container\\Container.php(931): Illuminate\\View\\ViewServiceProvider->Illuminate\\View\\{closure}(Object(Illuminate\\Foundation\\Application), Array)
#2 C:\\Users\\Angelica Indah\\Herd\\project\\vendor\\laravel\\framework\\src\\Illuminate\\Container\\Container.php(815): Illuminate\\Container\\Container->build(Object(Closure))
#3 C:\\Users\\Angelica Indah\\Herd\\project\\vendor\\laravel\\framework\\src\\Illuminate\\Foundation\\Application.php(1046): Illuminate\\Container\\Container->resolve('blade.compiler', Array, true)
#4 C:\\Users\\Angelica Indah\\Herd\\project\\vendor\\laravel\\framework\\src\\Illuminate\\Container\\Container.php(751): Illuminate\\Foundation\\Application->resolve('blade.compiler', Array)
#5 C:\\Users\\Angelica Indah\\Herd\\project\\vendor\\laravel\\framework\\src\\Illuminate\\Foundation\\Application.php(1028): Illuminate\\Container\\Container->make('blade.compiler', Array)
#6 C:\\Users\\Angelica Indah\\Herd\\project\\vendor\\laravel\\framework\\src\\Illuminate\\Foundation\\helpers.php(124): Illuminate\\Foundation\\Application->make('blade.compiler', Array)
#7 Command line code(1): app('Illuminate\\\\View...')
#8 {main}
  thrown at C:\\Users\\Angelica Indah\\Herd\\project\\vendor\\laravel\\framework\\src\\Illuminate\\View\\Compilers\\Compiler.php:67)
[stacktrace]
#0 {main}
"} 
